{"total": {"lines":{"total":181,"covered":111,"skipped":0,"pct":61.32},"statements":{"total":201,"covered":129,"skipped":0,"pct":64.17},"functions":{"total":52,"covered":32,"skipped":0,"pct":61.53},"branches":{"total":125,"covered":79,"skipped":0,"pct":63.2},"branchesTrue":{"total":0,"covered":0,"skipped":0,"pct":100}}
,"/home/wgj/6a-demo-notes/repos/notes-mobile/src/components/EmptyState.tsx": {"lines":{"total":2,"covered":2,"skipped":0,"pct":100},"functions":{"total":1,"covered":1,"skipped":0,"pct":100},"statements":{"total":2,"covered":2,"skipped":0,"pct":100},"branches":{"total":0,"covered":0,"skipped":0,"pct":100}}
,"/home/wgj/6a-demo-notes/repos/notes-mobile/src/components/NoteItem.tsx": {"lines":{"total":4,"covered":3,"skipped":0,"pct":75},"functions":{"total":3,"covered":2,"skipped":0,"pct":66.66},"statements":{"total":4,"covered":3,"skipped":0,"pct":75},"branches":{"total":0,"covered":0,"skipped":0,"pct":100}}
,"/home/wgj/6a-demo-notes/repos/notes-mobile/src/i18n/index.ts": {"lines":{"total":19,"covered":13,"skipped":0,"pct":68.42},"functions":{"total":5,"covered":4,"skipped":0,"pct":80},"statements":{"total":19,"covered":13,"skipped":0,"pct":68.42},"branches":{"total":8,"covered":3,"skipped":0,"pct":37.5}}
,"/home/wgj/6a-demo-notes/repos/notes-mobile/src/lib/supabase-helpers.ts": {"lines":{"total":14,"covered":14,"skipped":0,"pct":100},"functions":{"total":2,"covered":2,"skipped":0,"pct":100},"statements":{"total":22,"covered":22,"skipped":0,"pct":100},"branches":{"total":40,"covered":39,"skipped":0,"pct":97.5}}
,"/home/wgj/6a-demo-notes/repos/notes-mobile/src/lib/supabase.ts": {"lines":{"total":5,"covered":0,"skipped":0,"pct":0},"functions":{"total":0,"covered":0,"skipped":0,"pct":100},"statements":{"total":5,"covered":0,"skipped":0,"pct":0},"branches":{"total":4,"covered":0,"skipped":0,"pct":0}}
,"/home/wgj/6a-demo-notes/repos/notes-mobile/src/lib/theme.ts": {"lines":{"total":4,"covered":4,"skipped":0,"pct":100},"functions":{"total":0,"covered":0,"skipped":0,"pct":100},"statements":{"total":4,"covered":4,"skipped":0,"pct":100},"branches":{"total":0,"covered":0,"skipped":0,"pct":100}}
,"/home/wgj/6a-demo-notes/repos/notes-mobile/src/screens/LoginScreen.tsx": {"lines":{"total":17,"covered":8,"skipped":0,"pct":47.05},"functions":{"total":4,"covered":3,"skipped":0,"pct":75},"statements":{"total":18,"covered":9,"skipped":0,"pct":50},"branches":{"total":6,"covered":1,"skipped":0,"pct":16.66}}
,"/home/wgj/6a-demo-notes/repos/notes-mobile/src/screens/NoteDetailScreen.tsx": {"lines":{"total":31,"covered":12,"skipped":0,"pct":38.7},"functions":{"total":6,"covered":2,"skipped":0,"pct":33.33},"statements":{"total":31,"covered":12,"skipped":0,"pct":38.7},"branches":{"total":20,"covered":7,"skipped":0,"pct":35}}
,"/home/wgj/6a-demo-notes/repos/notes-mobile/src/screens/NotesScreen.tsx": {"lines":{"total":17,"covered":9,"skipped":0,"pct":52.94},"functions":{"total":9,"covered":2,"skipped":0,"pct":22.22},"statements":{"total":18,"covered":9,"skipped":0,"pct":50},"branches":{"total":10,"covered":7,"skipped":0,"pct":70}}
,"/home/wgj/6a-demo-notes/repos/notes-mobile/src/screens/RegisterScreen.tsx": {"lines":{"total":24,"covered":9,"skipped":0,"pct":37.5},"functions":{"total":4,"covered":3,"skipped":0,"pct":75},"statements":{"total":25,"covered":10,"skipped":0,"pct":40},"branches":{"total":11,"covered":1,"skipped":0,"pct":9.09}}
,"/home/wgj/6a-demo-notes/repos/notes-mobile/src/screens/SettingsScreen.tsx": {"lines":{"total":12,"covered":6,"skipped":0,"pct":50},"functions":{"total":5,"covered":1,"skipped":0,"pct":20},"statements":{"total":13,"covered":6,"skipped":0,"pct":46.15},"branches":{"total":12,"covered":7,"skipped":0,"pct":58.33}}
,"/home/wgj/6a-demo-notes/repos/notes-mobile/src/stores/authStore.ts": {"lines":{"total":15,"covered":14,"skipped":0,"pct":93.33},"functions":{"total":6,"covered":5,"skipped":0,"pct":83.33},"statements":{"total":18,"covered":17,"skipped":0,"pct":94.44},"branches":{"total":4,"covered":4,"skipped":0,"pct":100}}
,"/home/wgj/6a-demo-notes/repos/notes-mobile/src/stores/notesStore.ts": {"lines":{"total":17,"covered":17,"skipped":0,"pct":100},"functions":{"total":7,"covered":7,"skipped":0,"pct":100},"statements":{"total":22,"covered":22,"skipped":0,"pct":100},"branches":{"total":10,"covered":10,"skipped":0,"pct":100}}
}
