{"total": {"lines":{"total":1046,"covered":641,"skipped":0,"pct":61.28},"statements":{"total":1148,"covered":695,"skipped":0,"pct":60.54},"functions":{"total":305,"covered":168,"skipped":0,"pct":55.08},"branches":{"total":589,"covered":294,"skipped":0,"pct":49.91},"branchesTrue":{"total":0,"covered":0,"skipped":0,"pct":100}}
,"/home/wgj/6a-demo-notes/repos/notes-mobile/src/components/EmptyState.tsx": {"lines":{"total":4,"covered":4,"skipped":0,"pct":100},"functions":{"total":2,"covered":2,"skipped":0,"pct":100},"statements":{"total":4,"covered":4,"skipped":0,"pct":100},"branches":{"total":0,"covered":0,"skipped":0,"pct":100}}
,"/home/wgj/6a-demo-notes/repos/notes-mobile/src/components/FeedbackButton.tsx": {"lines":{"total":17,"covered":16,"skipped":0,"pct":94.11},"functions":{"total":8,"covered":7,"skipped":0,"pct":87.5},"statements":{"total":20,"covered":19,"skipped":0,"pct":95},"branches":{"total":2,"covered":2,"skipped":0,"pct":100}}
,"/home/wgj/6a-demo-notes/repos/notes-mobile/src/components/FolderTree.tsx": {"lines":{"total":57,"covered":41,"skipped":0,"pct":71.92},"functions":{"total":17,"covered":9,"skipped":0,"pct":52.94},"statements":{"total":58,"covered":41,"skipped":0,"pct":70.68},"branches":{"total":23,"covered":16,"skipped":0,"pct":69.56}}
,"/home/wgj/6a-demo-notes/repos/notes-mobile/src/components/ImageUpload.tsx": {"lines":{"total":29,"covered":6,"skipped":0,"pct":20.68},"functions":{"total":4,"covered":2,"skipped":0,"pct":50},"statements":{"total":33,"covered":6,"skipped":0,"pct":18.18},"branches":{"total":18,"covered":1,"skipped":0,"pct":5.55}}
,"/home/wgj/6a-demo-notes/repos/notes-mobile/src/components/MarkdownEditor.tsx": {"lines":{"total":16,"covered":16,"skipped":0,"pct":100},"functions":{"total":5,"covered":5,"skipped":0,"pct":100},"statements":{"total":17,"covered":16,"skipped":0,"pct":94.11},"branches":{"total":10,"covered":7,"skipped":0,"pct":70}}
,"/home/wgj/6a-demo-notes/repos/notes-mobile/src/components/MarkdownPreview.tsx": {"lines":{"total":17,"covered":7,"skipped":0,"pct":41.17},"functions":{"total":3,"covered":2,"skipped":0,"pct":66.66},"statements":{"total":18,"covered":7,"skipped":0,"pct":38.88},"branches":{"total":10,"covered":1,"skipped":0,"pct":10}}
,"/home/wgj/6a-demo-notes/repos/notes-mobile/src/components/NoteItem.tsx": {"lines":{"total":6,"covered":5,"skipped":0,"pct":83.33},"functions":{"total":4,"covered":3,"skipped":0,"pct":75},"statements":{"total":6,"covered":5,"skipped":0,"pct":83.33},"branches":{"total":0,"covered":0,"skipped":0,"pct":100}}
,"/home/wgj/6a-demo-notes/repos/notes-mobile/src/components/SearchBar.tsx": {"lines":{"total":21,"covered":21,"skipped":0,"pct":100},"functions":{"total":8,"covered":8,"skipped":0,"pct":100},"statements":{"total":24,"covered":23,"skipped":0,"pct":95.83},"branches":{"total":8,"covered":7,"skipped":0,"pct":87.5}}
,"/home/wgj/6a-demo-notes/repos/notes-mobile/src/components/SyncStatus.tsx": {"lines":{"total":5,"covered":5,"skipped":0,"pct":100},"functions":{"total":3,"covered":3,"skipped":0,"pct":100},"statements":{"total":6,"covered":6,"skipped":0,"pct":100},"branches":{"total":6,"covered":3,"skipped":0,"pct":50}}
,"/home/wgj/6a-demo-notes/repos/notes-mobile/src/components/TagFilter.tsx": {"lines":{"total":16,"covered":9,"skipped":0,"pct":56.25},"functions":{"total":7,"covered":4,"skipped":0,"pct":57.14},"statements":{"total":19,"covered":11,"skipped":0,"pct":57.89},"branches":{"total":18,"covered":1,"skipped":0,"pct":5.55}}
,"/home/wgj/6a-demo-notes/repos/notes-mobile/src/components/TemplatePicker.tsx": {"lines":{"total":33,"covered":16,"skipped":0,"pct":48.48},"functions":{"total":14,"covered":3,"skipped":0,"pct":21.42},"statements":{"total":35,"covered":16,"skipped":0,"pct":45.71},"branches":{"total":23,"covered":7,"skipped":0,"pct":30.43}}
,"/home/wgj/6a-demo-notes/repos/notes-mobile/src/contexts/ThemeContext.tsx": {"lines":{"total":26,"covered":4,"skipped":0,"pct":15.38},"functions":{"total":9,"covered":2,"skipped":0,"pct":22.22},"statements":{"total":28,"covered":4,"skipped":0,"pct":14.28},"branches":{"total":11,"covered":0,"skipped":0,"pct":0}}
,"/home/wgj/6a-demo-notes/repos/notes-mobile/src/i18n/index.ts": {"lines":{"total":19,"covered":14,"skipped":0,"pct":73.68},"functions":{"total":5,"covered":4,"skipped":0,"pct":80},"statements":{"total":19,"covered":14,"skipped":0,"pct":73.68},"branches":{"total":8,"covered":6,"skipped":0,"pct":75}}
,"/home/wgj/6a-demo-notes/repos/notes-mobile/src/lib/supabase-helpers.ts": {"lines":{"total":14,"covered":14,"skipped":0,"pct":100},"functions":{"total":2,"covered":2,"skipped":0,"pct":100},"statements":{"total":22,"covered":22,"skipped":0,"pct":100},"branches":{"total":40,"covered":39,"skipped":0,"pct":97.5}}
,"/home/wgj/6a-demo-notes/repos/notes-mobile/src/lib/supabase.ts": {"lines":{"total":13,"covered":0,"skipped":0,"pct":0},"functions":{"total":3,"covered":0,"skipped":0,"pct":0},"statements":{"total":13,"covered":0,"skipped":0,"pct":0},"branches":{"total":4,"covered":0,"skipped":0,"pct":0}}
,"/home/wgj/6a-demo-notes/repos/notes-mobile/src/lib/theme.ts": {"lines":{"total":6,"covered":6,"skipped":0,"pct":100},"functions":{"total":0,"covered":0,"skipped":0,"pct":100},"statements":{"total":6,"covered":6,"skipped":0,"pct":100},"branches":{"total":0,"covered":0,"skipped":0,"pct":100}}
,"/home/wgj/6a-demo-notes/repos/notes-mobile/src/lib/database/queries.ts": {"lines":{"total":45,"covered":41,"skipped":0,"pct":91.11},"functions":{"total":17,"covered":16,"skipped":0,"pct":94.11},"statements":{"total":45,"covered":41,"skipped":0,"pct":91.11},"branches":{"total":40,"covered":28,"skipped":0,"pct":70}}
,"/home/wgj/6a-demo-notes/repos/notes-mobile/src/lib/database/schema.ts": {"lines":{"total":10,"covered":7,"skipped":0,"pct":70},"functions":{"total":3,"covered":2,"skipped":0,"pct":66.66},"statements":{"total":10,"covered":7,"skipped":0,"pct":70},"branches":{"total":4,"covered":2,"skipped":0,"pct":50}}
,"/home/wgj/6a-demo-notes/repos/notes-mobile/src/lib/database/sync.ts": {"lines":{"total":28,"covered":21,"skipped":0,"pct":75},"functions":{"total":3,"covered":1,"skipped":0,"pct":33.33},"statements":{"total":28,"covered":21,"skipped":0,"pct":75},"branches":{"total":12,"covered":7,"skipped":0,"pct":58.33}}
,"/home/wgj/6a-demo-notes/repos/notes-mobile/src/lib/markdown/linkParser.ts": {"lines":{"total":13,"covered":3,"skipped":0,"pct":23.07},"functions":{"total":6,"covered":1,"skipped":0,"pct":16.66},"statements":{"total":16,"covered":3,"skipped":0,"pct":18.75},"branches":{"total":6,"covered":0,"skipped":0,"pct":0}}
,"/home/wgj/6a-demo-notes/repos/notes-mobile/src/screens/FeedbackScreen.tsx": {"lines":{"total":90,"covered":51,"skipped":0,"pct":56.66},"functions":{"total":26,"covered":10,"skipped":0,"pct":38.46},"statements":{"total":96,"covered":51,"skipped":0,"pct":53.12},"branches":{"total":47,"covered":24,"skipped":0,"pct":51.06}}
,"/home/wgj/6a-demo-notes/repos/notes-mobile/src/screens/GraphScreen.tsx": {"lines":{"total":86,"covered":86,"skipped":0,"pct":100},"functions":{"total":16,"covered":16,"skipped":0,"pct":100},"statements":{"total":100,"covered":98,"skipped":0,"pct":98},"branches":{"total":24,"covered":17,"skipped":0,"pct":70.83}}
,"/home/wgj/6a-demo-notes/repos/notes-mobile/src/screens/LoginScreen.tsx": {"lines":{"total":19,"covered":10,"skipped":0,"pct":52.63},"functions":{"total":5,"covered":4,"skipped":0,"pct":80},"statements":{"total":20,"covered":11,"skipped":0,"pct":55},"branches":{"total":6,"covered":1,"skipped":0,"pct":16.66}}
,"/home/wgj/6a-demo-notes/repos/notes-mobile/src/screens/NoteDetailScreen.tsx": {"lines":{"total":114,"covered":33,"skipped":0,"pct":28.94},"functions":{"total":30,"covered":5,"skipped":0,"pct":16.66},"statements":{"total":120,"covered":34,"skipped":0,"pct":28.33},"branches":{"total":81,"covered":27,"skipped":0,"pct":33.33}}
,"/home/wgj/6a-demo-notes/repos/notes-mobile/src/screens/NotesScreen.tsx": {"lines":{"total":49,"covered":22,"skipped":0,"pct":44.89},"functions":{"total":21,"covered":5,"skipped":0,"pct":23.8},"statements":{"total":52,"covered":23,"skipped":0,"pct":44.23},"branches":{"total":26,"covered":11,"skipped":0,"pct":42.3}}
,"/home/wgj/6a-demo-notes/repos/notes-mobile/src/screens/RecycleBinScreen.tsx": {"lines":{"total":24,"covered":16,"skipped":0,"pct":66.66},"functions":{"total":11,"covered":9,"skipped":0,"pct":81.81},"statements":{"total":24,"covered":16,"skipped":0,"pct":66.66},"branches":{"total":4,"covered":3,"skipped":0,"pct":75}}
,"/home/wgj/6a-demo-notes/repos/notes-mobile/src/screens/RegisterScreen.tsx": {"lines":{"total":26,"covered":11,"skipped":0,"pct":42.3},"functions":{"total":5,"covered":4,"skipped":0,"pct":80},"statements":{"total":27,"covered":12,"skipped":0,"pct":44.44},"branches":{"total":11,"covered":1,"skipped":0,"pct":9.09}}
,"/home/wgj/6a-demo-notes/repos/notes-mobile/src/screens/SettingsScreen.tsx": {"lines":{"total":34,"covered":13,"skipped":0,"pct":38.23},"functions":{"total":11,"covered":3,"skipped":0,"pct":27.27},"statements":{"total":35,"covered":13,"skipped":0,"pct":37.14},"branches":{"total":22,"covered":13,"skipped":0,"pct":59.09}}
,"/home/wgj/6a-demo-notes/repos/notes-mobile/src/stores/authStore.ts": {"lines":{"total":27,"covered":23,"skipped":0,"pct":85.18},"functions":{"total":6,"covered":5,"skipped":0,"pct":83.33},"statements":{"total":30,"covered":26,"skipped":0,"pct":86.66},"branches":{"total":12,"covered":10,"skipped":0,"pct":83.33}}
,"/home/wgj/6a-demo-notes/repos/notes-mobile/src/stores/feedbackStore.ts": {"lines":{"total":47,"covered":26,"skipped":0,"pct":55.31},"functions":{"total":4,"covered":3,"skipped":0,"pct":75},"statements":{"total":53,"covered":28,"skipped":0,"pct":52.83},"branches":{"total":26,"covered":10,"skipped":0,"pct":38.46}}
,"/home/wgj/6a-demo-notes/repos/notes-mobile/src/stores/notesStore.ts": {"lines":{"total":112,"covered":71,"skipped":0,"pct":63.39},"functions":{"total":40,"covered":21,"skipped":0,"pct":52.5},"statements":{"total":134,"covered":82,"skipped":0,"pct":61.19},"branches":{"total":73,"covered":39,"skipped":0,"pct":53.42}}
,"/home/wgj/6a-demo-notes/repos/notes-mobile/src/stores/templateStore.ts": {"lines":{"total":23,"covered":23,"skipped":0,"pct":100},"functions":{"total":7,"covered":7,"skipped":0,"pct":100},"statements":{"total":30,"covered":29,"skipped":0,"pct":96.66},"branches":{"total":14,"covered":11,"skipped":0,"pct":78.57}}
}
