TN:
SF:src/components/EmptyState.tsx
FN:7,EmptyState
FN:20,makeStyles
FNF:2
FNH:2
FNDA:4,EmptyState
FNDA:4,makeStyles
DA:8,4
DA:9,4
DA:11,4
DA:21,4
LF:4
LH:4
BRF:0
BRH:0
end_of_record
TN:
SF:src/components/FeedbackButton.tsx
FN:14,FeedbackButton
FN:19,(anonymous_1)
FN:20,(anonymous_2)
FN:20,(anonymous_3)
FN:25,(anonymous_4)
FN:28,(anonymous_5)
FN:47,showFeedbackButton
FN:51,makeStyles
FNF:8
FNH:7
FNDA:7,FeedbackButton
FNDA:5,(anonymous_1)
FNDA:5,(anonymous_2)
FNDA:5,(anonymous_3)
FNDA:5,(anonymous_4)
FNDA:1,(anonymous_5)
FNDA:0,showFeedbackButton
FNDA:7,makeStyles
DA:8,1
DA:15,7
DA:16,7
DA:17,7
DA:19,7
DA:20,5
DA:21,5
DA:23,5
DA:24,5
DA:25,5
DA:28,7
DA:29,1
DA:30,1
DA:33,7
DA:35,5
DA:48,0
DA:52,7
LF:17
LH:16
BRDA:33,0,0,2
BRDA:33,0,1,5
BRF:2
BRH:2
end_of_record
TN:
SF:src/components/FolderTree.tsx
FN:24,buildTree
FN:50,flattenTree
FN:65,FolderTree
FN:75,(anonymous_3)
FN:87,(anonymous_4)
FN:93,(anonymous_5)
FN:104,(anonymous_6)
FN:109,(anonymous_7)
FN:114,(anonymous_8)
FN:140,(anonymous_9)
FN:149,(anonymous_10)
FN:150,(anonymous_11)
FN:165,(anonymous_12)
FN:171,(anonymous_13)
FN:172,(anonymous_14)
FN:185,(anonymous_15)
FN:205,makeStyles
FNF:17
FNH:9
FNDA:9,buildTree
FNDA:10,flattenTree
FNDA:9,FolderTree
FNDA:0,(anonymous_3)
FNDA:0,(anonymous_4)
FNDA:0,(anonymous_5)
FNDA:2,(anonymous_6)
FNDA:1,(anonymous_7)
FNDA:1,(anonymous_8)
FNDA:5,(anonymous_9)
FNDA:1,(anonymous_10)
FNDA:0,(anonymous_11)
FNDA:0,(anonymous_12)
FNDA:0,(anonymous_13)
FNDA:0,(anonymous_14)
FNDA:0,(anonymous_15)
FNDA:9,makeStyles
DA:25,9
DA:26,9
DA:29,9
DA:30,5
DA:34,9
DA:35,5
DA:36,5
DA:37,1
DA:38,1
DA:39,1
DA:40,1
DA:43,4
DA:47,9
DA:51,10
DA:52,10
DA:53,5
DA:54,5
DA:55,1
DA:58,10
DA:66,9
DA:67,9
DA:68,9
DA:69,9
DA:70,9
DA:72,9
DA:73,9
DA:75,9
DA:76,0
DA:77,0
DA:78,0
DA:79,0
DA:80,0
DA:81,0
DA:83,0
DA:87,9
DA:88,0
DA:94,0
DA:95,0
DA:97,0
DA:104,9
DA:105,2
DA:106,2
DA:109,9
DA:110,1
DA:111,1
DA:114,9
DA:115,1
DA:116,1
DA:119,9
DA:141,5
DA:149,1
DA:150,0
DA:165,0
DA:171,0
DA:172,0
DA:185,0
DA:206,9
LF:57
LH:41
BRDA:24,0,0,9
BRDA:36,1,0,1
BRDA:36,1,1,4
BRDA:36,2,0,5
BRDA:36,2,1,1
BRDA:39,3,0,1
BRDA:39,3,1,0
BRDA:54,4,0,1
BRDA:54,4,1,4
BRDA:77,5,0,0
BRDA:77,5,1,0
BRDA:123,6,0,9
BRDA:123,6,1,9
BRDA:126,7,0,9
BRDA:126,7,1,9
BRDA:131,8,0,9
BRDA:131,8,1,0
BRDA:134,9,0,9
BRDA:134,9,1,0
BRDA:147,10,0,5
BRDA:147,10,1,0
BRDA:155,11,0,5
BRDA:155,11,1,0
BRF:23
BRH:16
end_of_record
TN:
SF:src/components/ImageUpload.tsx
FN:14,ImageUpload
FN:19,(anonymous_1)
FN:86,decode
FN:95,makeStyles
FNF:4
FNH:2
FNDA:10,ImageUpload
FNDA:0,(anonymous_1)
FNDA:0,decode
FNDA:10,makeStyles
DA:15,10
DA:16,10
DA:17,10
DA:19,10
DA:20,0
DA:21,0
DA:27,0
DA:29,0
DA:30,0
DA:33,0
DA:34,0
DA:37,0
DA:42,0
DA:43,0
DA:44,0
DA:47,0
DA:53,0
DA:56,0
DA:60,0
DA:61,0
DA:64,0
DA:66,0
DA:70,10
DA:87,0
DA:88,0
DA:89,0
DA:90,0
DA:92,0
DA:96,10
LF:29
LH:6
BRDA:27,0,0,0
BRDA:27,0,1,0
BRDA:27,1,0,0
BRDA:27,1,1,0
BRDA:34,2,0,0
BRDA:34,2,1,0
BRDA:42,3,0,0
BRDA:42,3,1,0
BRDA:50,4,0,0
BRDA:50,4,1,0
BRDA:53,5,0,0
BRDA:53,5,1,0
BRDA:60,6,0,0
BRDA:60,6,1,0
BRDA:64,7,0,0
BRDA:64,7,1,0
BRDA:76,8,0,0
BRDA:76,8,1,10
BRF:18
BRH:1
end_of_record
TN:
SF:src/components/MarkdownEditor.tsx
FN:21,MarkdownEditor
FN:26,(anonymous_1)
FN:45,(anonymous_2)
FN:49,(anonymous_3)
FN:77,makeStyles
FNF:5
FNH:5
FNDA:19,MarkdownEditor
FNDA:3,(anonymous_1)
FNDA:95,(anonymous_2)
FNDA:3,(anonymous_3)
FNDA:19,makeStyles
DA:13,2
DA:22,19
DA:23,19
DA:24,19
DA:26,19
DA:27,3
DA:30,3
DA:32,3
DA:33,2
DA:34,1
DA:35,1
DA:38,3
DA:41,19
DA:46,95
DA:49,3
DA:78,19
LF:16
LH:16
BRDA:27,0,0,0
BRDA:27,0,1,3
BRDA:32,1,0,2
BRDA:32,1,1,1
BRDA:34,2,0,1
BRDA:34,2,1,0
BRDA:35,3,0,1
BRDA:35,3,1,0
BRDA:35,4,0,1
BRDA:35,4,1,1
BRF:10
BRH:7
end_of_record
TN:
SF:src/components/MarkdownPreview.tsx
FN:19,buildMarkdownStyles
FN:102,MarkdownPreview
FN:107,(anonymous_2)
FNF:3
FNH:2
FNDA:3,buildMarkdownStyles
FNDA:3,MarkdownPreview
FNDA:0,(anonymous_2)
DA:20,3
DA:103,3
DA:104,3
DA:106,3
DA:108,0
DA:110,0
DA:111,0
DA:112,0
DA:113,0
DA:114,0
DA:115,0
DA:116,0
DA:120,0
DA:124,0
DA:129,3
DA:131,3
DA:143,2
LF:17
LH:7
BRDA:108,0,0,0
BRDA:108,0,1,0
BRDA:110,1,0,0
BRDA:110,1,1,0
BRDA:112,2,0,0
BRDA:112,2,1,0
BRDA:114,3,0,0
BRDA:114,3,1,0
BRDA:135,4,0,0
BRDA:135,4,1,3
BRF:10
BRH:1
end_of_record
TN:
SF:src/components/NoteItem.tsx
FN:13,NoteItem
FN:19,(anonymous_1)
FN:20,(anonymous_2)
FN:30,makeStyles
FNF:4
FNH:3
FNDA:3,NoteItem
FNDA:1,(anonymous_1)
FNDA:0,(anonymous_2)
FNDA:3,makeStyles
DA:14,3
DA:15,3
DA:17,3
DA:19,1
DA:20,0
DA:31,3
LF:6
LH:5
BRF:0
BRH:0
end_of_record
TN:
SF:src/components/SearchBar.tsx
FN:8,SearchBar
FN:15,(anonymous_1)
FN:19,(anonymous_2)
FN:22,(anonymous_3)
FN:27,(anonymous_4)
FN:33,(anonymous_5)
FN:34,(anonymous_6)
FN:59,makeStyles
FNF:8
FNH:8
FNDA:12,SearchBar
FNDA:8,(anonymous_1)
FNDA:2,(anonymous_2)
FNDA:1,(anonymous_3)
FNDA:2,(anonymous_4)
FNDA:8,(anonymous_5)
FNDA:8,(anonymous_6)
FNDA:12,makeStyles
DA:9,12
DA:10,12
DA:11,12
DA:12,12
DA:13,12
DA:15,12
DA:16,8
DA:19,12
DA:20,2
DA:21,2
DA:22,2
DA:23,1
DA:27,12
DA:28,2
DA:29,2
DA:30,2
DA:33,12
DA:34,8
DA:35,8
DA:39,12
DA:60,12
LF:21
LH:21
BRDA:21,0,0,0
BRDA:21,0,1,2
BRDA:30,1,0,1
BRDA:30,1,1,1
BRDA:35,2,0,2
BRDA:35,2,1,6
BRDA:50,3,0,12
BRDA:50,3,1,4
BRF:8
BRH:7
end_of_record
TN:
SF:src/components/SyncStatus.tsx
FN:7,SyncStatus
FN:10,(anonymous_1)
FN:33,makeStyles
FNF:3
FNH:3
FNDA:2,SyncStatus
FNDA:2,(anonymous_1)
FNDA:2,makeStyles
DA:8,2
DA:9,2
DA:10,2
DA:12,2
DA:34,2
LF:5
LH:5
BRDA:14,0,0,2
BRDA:14,0,1,0
BRDA:19,1,0,2
BRDA:19,1,1,0
BRDA:24,2,0,2
BRDA:24,2,1,0
BRF:6
BRH:3
end_of_record
TN:
SF:src/components/TagFilter.tsx
FN:12,TagFilter
FN:15,(anonymous_1)
FN:17,(anonymous_2)
FN:40,(anonymous_3)
FN:46,(anonymous_4)
FN:50,(anonymous_5)
FN:61,makeStyles
FNF:7
FNH:4
FNDA:2,TagFilter
FNDA:2,(anonymous_1)
FNDA:2,(anonymous_2)
FNDA:0,(anonymous_3)
FNDA:0,(anonymous_4)
FNDA:0,(anonymous_5)
FNDA:2,makeStyles
DA:13,2
DA:14,2
DA:15,2
DA:17,2
DA:18,2
DA:19,2
DA:20,0
DA:21,0
DA:22,0
DA:26,2
DA:29,2
DA:31,0
DA:40,0
DA:47,0
DA:50,0
DA:62,2
LF:16
LH:9
BRDA:20,0,0,0
BRDA:20,0,1,0
BRDA:20,1,0,0
BRDA:20,1,1,0
BRDA:22,2,0,0
BRDA:22,2,1,0
BRDA:29,3,0,2
BRDA:29,3,1,0
BRDA:39,4,0,0
BRDA:39,4,1,0
BRDA:42,5,0,0
BRDA:42,5,1,0
BRDA:49,6,0,0
BRDA:49,6,1,0
BRDA:50,7,0,0
BRDA:50,7,1,0
BRDA:52,8,0,0
BRDA:52,8,1,0
BRF:18
BRH:1
end_of_record
TN:
SF:src/components/TemplatePicker.tsx
FN:50,TemplatePicker
FN:55,(anonymous_1)
FN:61,(anonymous_2)
FN:62,(anonymous_3)
FN:64,(anonymous_4)
FN:71,(anonymous_5)
FN:76,(anonymous_6)
FN:92,(anonymous_7)
FN:103,(anonymous_8)
FN:107,(anonymous_9)
FN:129,(anonymous_10)
FN:133,(anonymous_11)
FN:142,(anonymous_12)
FN:171,makeStyles
FNF:14
FNH:3
FNDA:2,TemplatePicker
FNDA:2,(anonymous_1)
FNDA:0,(anonymous_2)
FNDA:0,(anonymous_3)
FNDA:0,(anonymous_4)
FNDA:0,(anonymous_5)
FNDA:0,(anonymous_6)
FNDA:0,(anonymous_7)
FNDA:0,(anonymous_8)
FNDA:0,(anonymous_9)
FNDA:0,(anonymous_10)
FNDA:0,(anonymous_11)
FNDA:0,(anonymous_12)
FNDA:2,makeStyles
DA:19,1
DA:28,1
DA:36,1
DA:51,2
DA:52,2
DA:53,2
DA:55,2
DA:56,2
DA:57,0
DA:61,2
DA:62,2
DA:64,2
DA:65,0
DA:66,0
DA:67,0
DA:68,0
DA:71,2
DA:72,0
DA:73,0
DA:76,2
DA:77,0
DA:78,0
DA:79,0
DA:83,0
DA:87,2
DA:89,2
DA:92,0
DA:104,0
DA:107,0
DA:130,0
DA:133,0
DA:142,0
DA:172,2
LF:33
LH:16
BRDA:56,0,0,0
BRDA:56,0,1,2
BRDA:65,1,0,0
BRDA:65,1,1,0
BRDA:66,2,0,0
BRDA:66,2,1,0
BRDA:95,3,0,0
BRDA:95,3,1,2
BRDA:100,4,0,2
BRDA:100,4,1,0
BRDA:110,5,0,0
BRDA:110,5,1,0
BRDA:114,6,0,0
BRDA:114,6,1,0
BRDA:117,7,0,0
BRDA:117,7,1,0
BRDA:126,8,0,2
BRDA:126,8,1,0
BRDA:146,9,0,0
BRDA:146,9,1,0
BRDA:155,10,0,2
BRDA:155,10,1,2
BRDA:155,10,2,2
BRF:23
BRH:7
end_of_record
TN:
SF:src/contexts/ThemeContext.tsx
FN:20,(anonymous_0)
FN:23,resolveIsDark
FN:29,ThemeProvider
FN:35,(anonymous_3)
FN:36,(anonymous_4)
FN:51,(anonymous_5)
FN:55,(anonymous_6)
FN:70,useThemeColors
FN:75,useTheme
FNF:9
FNH:2
FNDA:0,(anonymous_0)
FNDA:0,resolveIsDark
FNDA:0,ThemeProvider
FNDA:0,(anonymous_3)
FNDA:0,(anonymous_4)
FNDA:0,(anonymous_5)
FNDA:0,(anonymous_6)
FNDA:109,useThemeColors
FNDA:3,useTheme
DA:7,12
DA:16,12
DA:24,0
DA:25,0
DA:26,0
DA:30,0
DA:31,0
DA:32,0
DA:35,0
DA:36,0
DA:37,0
DA:38,0
DA:39,0
DA:40,0
DA:43,0
DA:47,0
DA:48,0
DA:51,0
DA:52,0
DA:55,0
DA:56,0
DA:57,0
DA:58,0
DA:62,0
DA:71,109
DA:76,3
LF:26
LH:4
BRDA:24,0,0,0
BRDA:24,0,1,0
BRDA:25,1,0,0
BRDA:25,1,1,0
BRDA:39,2,0,0
BRDA:39,2,1,0
BRDA:39,3,0,0
BRDA:39,3,1,0
BRDA:39,3,2,0
BRDA:48,4,0,0
BRDA:48,4,1,0
BRF:11
BRH:0
end_of_record
TN:
SF:src/i18n/index.ts
FN:40,resolveLanguageTag
FN:49,loadPersistedLanguage
FN:69,t
FN:74,getLanguage
FN:82,setLanguage
FNF:5
FNH:4
FNDA:16,resolveLanguageTag
FNDA:8,loadPersistedLanguage
FNDA:443,t
FNDA:3,getLanguage
FNDA:0,setLanguage
DA:32,8
DA:35,8
DA:41,16
DA:42,16
DA:45,8
DA:46,8
DA:50,8
DA:51,8
DA:52,8
DA:53,0
DA:54,0
DA:59,8
DA:63,8
DA:64,8
DA:70,443
DA:75,3
DA:83,0
DA:84,0
DA:85,0
LF:19
LH:14
BRDA:41,0,0,16
BRDA:41,0,1,16
BRDA:42,1,0,0
BRDA:42,1,1,16
BRDA:52,2,0,0
BRDA:52,2,1,8
BRDA:52,3,0,8
BRDA:52,3,1,8
BRF:8
BRH:6
end_of_record
TN:
SF:src/lib/supabase-helpers.ts
FN:4,mapSupabaseError
FN:33,getUserMessage
FNF:2
FNH:2
FNDA:18,mapSupabaseError
FNDA:9,getUserMessage
DA:5,18
DA:6,18
DA:8,18
DA:9,15
DA:10,13
DA:11,11
DA:12,9
DA:13,8
DA:14,6
DA:15,5
DA:16,3
DA:19,1
DA:34,9
DA:35,9
LF:14
LH:14
BRDA:5,0,0,18
BRDA:5,0,1,5
BRDA:6,1,0,18
BRDA:6,1,1,16
BRDA:6,1,2,15
BRDA:8,2,0,3
BRDA:8,2,1,15
BRDA:8,3,0,18
BRDA:8,3,1,16
BRDA:9,4,0,2
BRDA:9,4,1,13
BRDA:9,5,0,15
BRDA:9,5,1,14
BRDA:10,6,0,2
BRDA:10,6,1,11
BRDA:10,7,0,13
BRDA:10,7,1,12
BRDA:11,8,0,2
BRDA:11,8,1,9
BRDA:11,9,0,11
BRDA:11,9,1,10
BRDA:12,10,0,1
BRDA:12,10,1,8
BRDA:12,11,0,9
BRDA:12,11,1,3
BRDA:13,12,0,2
BRDA:13,12,1,6
BRDA:13,13,0,8
BRDA:13,13,1,2
BRDA:13,13,2,1
BRDA:14,14,0,1
BRDA:14,14,1,5
BRDA:14,15,0,6
BRDA:14,15,1,1
BRDA:15,16,0,2
BRDA:15,16,1,3
BRDA:15,17,0,5
BRDA:15,17,1,4
BRDA:34,18,0,9
BRDA:34,18,1,0
BRF:40
BRH:39
end_of_record
TN:
SF:src/lib/supabase.ts
FN:19,(anonymous_0)
FN:26,(anonymous_1)
FN:33,(anonymous_2)
FNF:3
FNH:0
FNDA:0,(anonymous_0)
FNDA:0,(anonymous_1)
FNDA:0,(anonymous_2)
DA:5,0
DA:6,0
DA:8,0
DA:9,0
DA:18,0
DA:20,0
DA:21,0
DA:23,0
DA:27,0
DA:28,0
DA:34,0
DA:35,0
DA:42,0
LF:13
LH:0
BRDA:8,0,0,0
BRDA:8,0,1,0
BRDA:8,1,0,0
BRDA:8,1,1,0
BRF:4
BRH:0
end_of_record
TN:
SF:src/lib/theme.ts
FNF:0
FNH:0
DA:3,13
DA:20,13
DA:38,13
DA:40,13
DA:49,13
DA:58,13
LF:6
LH:6
BRF:0
BRH:0
end_of_record
TN:
SF:src/lib/database/queries.ts
FN:6,upsertLocalNote
FN:27,upsertLocalNotes
FN:54,getAllLocalNotes
FN:63,getAllLocalDeletedNotes
FN:72,getDirtyNotes
FN:81,markNoteSynced
FN:86,markNoteDirty
FN:91,deleteLocalNote
FN:98,upsertLocalFolder
FN:116,upsertLocalFolders
FN:140,getAllLocalFolders
FN:149,getDirtyFolders
FN:158,markFolderSynced
FN:163,markFolderDirty
FN:168,deleteLocalFolder
FN:175,mapRowToNote
FN:190,mapRowToFolder
FNF:17
FNH:16
FNDA:3,upsertLocalNote
FNDA:3,upsertLocalNotes
FNDA:4,getAllLocalNotes
FNDA:0,getAllLocalDeletedNotes
FNDA:3,getDirtyNotes
FNDA:2,markNoteSynced
FNDA:1,markNoteDirty
FNDA:2,deleteLocalNote
FNDA:1,upsertLocalFolder
FNDA:2,upsertLocalFolders
FNDA:1,getAllLocalFolders
FNDA:3,getDirtyFolders
FNDA:1,markFolderSynced
FNDA:1,markFolderDirty
FNDA:1,deleteLocalFolder
FNDA:3,mapRowToNote
FNDA:1,mapRowToFolder
DA:7,3
DA:8,3
DA:28,3
DA:29,3
DA:33,3
DA:34,3
DA:35,2
DA:50,3
DA:55,4
DA:56,4
DA:60,4
DA:64,0
DA:65,0
DA:69,0
DA:73,3
DA:74,3
DA:78,3
DA:82,2
DA:83,2
DA:87,1
DA:88,1
DA:92,2
DA:93,2
DA:99,1
DA:100,1
DA:117,2
DA:118,2
DA:122,2
DA:123,2
DA:124,0
DA:136,2
DA:141,1
DA:142,1
DA:146,1
DA:150,3
DA:151,3
DA:155,3
DA:159,1
DA:160,1
DA:164,1
DA:165,1
DA:169,1
DA:170,1
DA:176,3
DA:191,1
LF:45
LH:41
BRDA:16,0,0,3
BRDA:16,0,1,3
BRDA:17,1,0,3
BRDA:17,1,1,1
BRDA:20,2,0,3
BRDA:20,2,1,3
BRDA:21,3,0,0
BRDA:21,3,1,3
BRDA:22,4,0,3
BRDA:22,4,1,0
BRDA:40,5,0,2
BRDA:40,5,1,2
BRDA:41,6,0,2
BRDA:41,6,1,0
BRDA:44,7,0,2
BRDA:44,7,1,2
BRDA:45,8,0,0
BRDA:45,8,1,2
BRDA:46,9,0,2
BRDA:46,9,1,0
BRDA:107,10,0,1
BRDA:107,10,1,1
BRDA:110,11,0,1
BRDA:110,11,1,1
BRDA:111,12,0,1
BRDA:111,12,1,1
BRDA:128,13,0,0
BRDA:128,13,1,0
BRDA:131,14,0,0
BRDA:131,14,1,0
BRDA:132,15,0,0
BRDA:132,15,1,0
BRDA:181,16,0,3
BRDA:181,16,1,3
BRDA:182,17,0,3
BRDA:182,17,1,0
BRDA:185,18,0,3
BRDA:185,18,1,3
BRDA:195,19,0,1
BRDA:195,19,1,1
BRF:40
BRH:28
end_of_record
TN:
SF:src/lib/database/schema.ts
FN:7,getDatabase
FN:15,initTables
FN:54,resetDatabase
FNF:3
FNH:2
FNDA:32,getDatabase
FNDA:2,initTables
FNDA:0,resetDatabase
DA:3,4
DA:5,4
DA:8,32
DA:9,2
DA:10,2
DA:12,32
DA:16,2
DA:55,0
DA:56,0
DA:57,0
LF:10
LH:7
BRDA:8,0,0,2
BRDA:8,0,1,30
BRDA:55,1,0,0
BRDA:55,1,1,0
BRF:4
BRH:2
end_of_record
TN:
SF:src/lib/database/sync.ts
FN:21,syncNotes
FN:90,(anonymous_1)
FN:107,(anonymous_2)
FNF:3
FNH:1
FNDA:2,syncNotes
FNDA:0,(anonymous_1)
FNDA:0,(anonymous_2)
DA:22,2
DA:23,2
DA:26,2
DA:27,2
DA:28,1
DA:29,1
DA:45,1
DA:46,1
DA:47,1
DA:55,2
DA:56,2
DA:57,0
DA:58,0
DA:71,0
DA:72,0
DA:73,0
DA:81,2
DA:82,2
DA:88,2
DA:89,2
DA:90,0
DA:92,2
DA:99,2
DA:100,2
DA:105,2
DA:106,2
DA:107,0
DA:114,2
LF:28
LH:21
BRDA:45,0,0,1
BRDA:45,0,1,0
BRDA:71,1,0,0
BRDA:71,1,1,0
BRDA:88,2,0,2
BRDA:88,2,1,0
BRDA:88,3,0,2
BRDA:88,3,1,2
BRDA:105,4,0,2
BRDA:105,4,1,0
BRDA:105,5,0,2
BRDA:105,5,1,2
BRF:12
BRH:7
end_of_record
TN:
SF:src/lib/markdown/linkParser.ts
FN:23,processWikiLinks
FN:24,(anonymous_1)
FN:35,extractNoteTitleFromLink
FN:45,findNoteIdByTitle
FN:48,(anonymous_4)
FN:55,isNoteLink
FNF:6
FNH:1
FNDA:3,processWikiLinks
FNDA:0,(anonymous_1)
FNDA:0,extractNoteTitleFromLink
FNDA:0,findNoteIdByTitle
FNDA:0,(anonymous_4)
FNDA:0,isNoteLink
DA:8,2
DA:14,2
DA:24,3
DA:25,0
DA:26,0
DA:27,0
DA:36,0
DA:37,0
DA:46,0
DA:47,0
DA:48,0
DA:49,0
DA:56,0
LF:13
LH:3
BRDA:26,0,0,0
BRDA:26,0,1,0
BRDA:36,1,0,0
BRDA:36,1,1,0
BRDA:49,2,0,0
BRDA:49,2,1,0
BRF:6
BRH:0
end_of_record
TN:
SF:src/screens/FeedbackScreen.tsx
FN:33,FeedbackScreen
FN:47,(anonymous_1)
FN:51,(anonymous_2)
FN:62,(anonymous_3)
FN:72,(anonymous_4)
FN:73,(anonymous_5)
FN:79,(anonymous_6)
FN:80,(anonymous_7)
FN:80,(anonymous_8)
FN:85,(anonymous_9)
FN:110,(anonymous_10)
FN:128,(anonymous_11)
FN:152,(anonymous_12)
FN:162,(anonymous_13)
FN:174,(anonymous_14)
FN:192,(anonymous_15)
FN:196,(anonymous_16)
FN:208,(anonymous_17)
FN:211,(anonymous_18)
FN:262,(anonymous_19)
FN:275,(anonymous_20)
FN:294,(anonymous_21)
FN:312,(anonymous_22)
FN:327,(anonymous_23)
FN:335,(anonymous_24)
FN:351,makeStyles
FNF:26
FNH:10
FNDA:12,FeedbackScreen
FNDA:7,(anonymous_1)
FNDA:1,(anonymous_2)
FNDA:0,(anonymous_3)
FNDA:0,(anonymous_4)
FNDA:0,(anonymous_5)
FNDA:0,(anonymous_6)
FNDA:0,(anonymous_7)
FNDA:0,(anonymous_8)
FNDA:0,(anonymous_9)
FNDA:0,(anonymous_10)
FNDA:2,(anonymous_11)
FNDA:0,(anonymous_12)
FNDA:32,(anonymous_13)
FNDA:8,(anonymous_14)
FNDA:32,(anonymous_15)
FNDA:0,(anonymous_16)
FNDA:0,(anonymous_17)
FNDA:0,(anonymous_18)
FNDA:0,(anonymous_19)
FNDA:0,(anonymous_20)
FNDA:3,(anonymous_21)
FNDA:0,(anonymous_22)
FNDA:0,(anonymous_23)
FNDA:2,(anonymous_24)
FNDA:11,makeStyles
DA:24,1
DA:26,1
DA:34,12
DA:35,11
DA:37,11
DA:38,11
DA:39,11
DA:40,11
DA:41,11
DA:42,11
DA:43,11
DA:45,11
DA:47,11
DA:48,7
DA:51,11
DA:52,1
DA:53,1
DA:54,1
DA:55,1
DA:56,1
DA:57,1
DA:62,11
DA:63,0
DA:64,0
DA:71,0
DA:72,0
DA:73,0
DA:79,11
DA:80,0
DA:85,11
DA:86,0
DA:87,0
DA:88,0
DA:89,0
DA:90,0
DA:93,0
DA:98,0
DA:102,0
DA:103,0
DA:104,0
DA:106,0
DA:110,11
DA:111,0
DA:113,0
DA:114,0
DA:115,0
DA:116,0
DA:117,0
DA:118,0
DA:119,0
DA:121,0
DA:122,0
DA:128,11
DA:129,2
DA:130,2
DA:131,1
DA:132,1
DA:135,1
DA:136,1
DA:142,1
DA:143,1
DA:144,1
DA:146,0
DA:152,11
DA:153,0
DA:159,0
DA:162,11
DA:163,32
DA:169,32
DA:174,11
DA:175,8
DA:193,32
DA:196,0
DA:209,0
DA:211,0
DA:262,11
DA:263,0
DA:276,0
DA:294,11
DA:295,3
DA:296,0
DA:302,3
DA:303,3
DA:309,0
DA:312,0
DA:321,11
DA:327,0
DA:336,2
DA:337,2
DA:352,11
LF:90
LH:51
BRDA:71,0,0,0
BRDA:71,0,1,0
BRDA:71,1,0,0
BRDA:71,1,1,0
BRDA:88,2,0,0
BRDA:88,2,1,0
BRDA:111,3,0,0
BRDA:111,3,1,0
BRDA:130,4,0,1
BRDA:130,4,1,1
BRDA:195,5,0,32
BRDA:195,5,1,8
BRDA:198,6,0,32
BRDA:198,6,1,8
BRDA:216,7,0,8
BRDA:216,7,1,8
BRDA:226,8,0,8
BRDA:226,8,1,0
BRDA:240,9,0,8
BRDA:240,9,1,0
BRDA:240,9,2,0
BRDA:247,10,0,8
BRDA:247,10,1,0
BRDA:251,11,0,0
BRDA:251,11,1,8
BRDA:273,12,0,0
BRDA:273,12,1,0
BRDA:283,13,0,0
BRDA:283,13,1,0
BRDA:284,14,0,0
BRDA:284,14,1,0
BRDA:286,15,0,0
BRDA:286,15,1,0
BRDA:295,16,0,0
BRDA:295,16,1,3
BRDA:302,17,0,3
BRDA:302,17,1,0
BRDA:326,18,0,11
BRDA:326,18,1,8
BRDA:329,19,0,11
BRDA:329,19,1,8
BRDA:334,20,0,11
BRDA:334,20,1,3
BRDA:340,21,0,11
BRDA:340,21,1,3
BRDA:346,22,0,8
BRDA:346,22,1,3
BRF:47
BRH:24
end_of_record
TN:
SF:src/screens/GraphScreen.tsx
FN:33,extractWikiLinks
FN:47,computeLayout
FN:49,(anonymous_2)
FN:52,(anonymous_3)
FN:87,(anonymous_4)
FN:107,(anonymous_5)
FN:108,(anonymous_6)
FN:139,GraphScreen
FN:143,(anonymous_8)
FN:145,(anonymous_9)
FN:148,(anonymous_10)
FN:149,(anonymous_11)
FN:168,(anonymous_12)
FN:195,(anonymous_13)
FN:205,(anonymous_14)
FN:219,makeStyles
FNF:16
FNH:16
FNDA:8,extractWikiLinks
FNDA:5,computeLayout
FNDA:8,(anonymous_2)
FNDA:8,(anonymous_3)
FNDA:480,(anonymous_4)
FNDA:240,(anonymous_5)
FNDA:480,(anonymous_6)
FNDA:5,GraphScreen
FNDA:5,(anonymous_8)
FNDA:8,(anonymous_9)
FNDA:1,(anonymous_10)
FNDA:1,(anonymous_11)
FNDA:4,(anonymous_12)
FNDA:8,(anonymous_13)
FNDA:1,(anonymous_14)
FNDA:5,makeStyles
DA:15,1
DA:16,1
DA:17,1
DA:34,8
DA:35,8
DA:37,8
DA:38,4
DA:39,4
DA:40,4
DA:43,8
DA:48,5
DA:49,8
DA:52,5
DA:53,8
DA:54,8
DA:55,8
DA:65,5
DA:66,5
DA:67,5
DA:68,8
DA:69,4
DA:70,4
DA:71,4
DA:72,4
DA:73,4
DA:74,4
DA:81,5
DA:82,5
DA:83,5
DA:84,5
DA:86,5
DA:87,480
DA:90,300
DA:91,480
DA:92,240
DA:93,240
DA:94,240
DA:95,240
DA:96,240
DA:97,240
DA:98,240
DA:99,240
DA:100,240
DA:101,240
DA:106,300
DA:107,240
DA:108,480
DA:109,240
DA:110,240
DA:111,240
DA:112,240
DA:113,240
DA:114,240
DA:115,240
DA:116,240
DA:117,240
DA:121,300
DA:122,480
DA:123,480
DA:127,300
DA:128,480
DA:129,480
DA:131,480
DA:132,480
DA:136,5
DA:140,5
DA:141,5
DA:143,5
DA:145,8
DA:147,5
DA:149,1
DA:150,1
DA:151,1
DA:157,5
DA:159,5
DA:169,4
DA:170,4
DA:171,4
DA:173,4
DA:174,4
DA:175,4
DA:176,4
DA:178,4
DA:196,8
DA:205,1
DA:220,5
LF:86
LH:86
BRDA:39,0,0,4
BRDA:39,0,1,0
BRDA:39,1,0,4
BRDA:39,1,1,4
BRDA:70,2,0,4
BRDA:70,2,1,0
BRDA:70,3,0,4
BRDA:70,3,1,4
BRDA:72,4,0,4
BRDA:72,4,1,0
BRDA:94,5,0,240
BRDA:94,5,1,0
BRDA:109,6,0,0
BRDA:109,6,1,240
BRDA:109,7,0,240
BRDA:109,7,1,240
BRDA:150,8,0,1
BRDA:150,8,1,0
BRDA:161,9,0,1
BRDA:161,9,1,4
BRDA:171,10,0,0
BRDA:171,10,1,4
BRDA:171,11,0,4
BRDA:171,11,1,4
BRF:24
BRH:17
end_of_record
TN:
SF:src/screens/LoginScreen.tsx
FN:9,LoginScreen
FN:15,(anonymous_1)
FN:17,(anonymous_2)
FN:55,(anonymous_3)
FN:62,makeStyles
FNF:5
FNH:4
FNDA:5,LoginScreen
FNDA:5,(anonymous_1)
FNDA:0,(anonymous_2)
FNDA:1,(anonymous_3)
FNDA:5,makeStyles
DA:10,5
DA:11,5
DA:12,5
DA:13,5
DA:14,5
DA:15,5
DA:17,5
DA:18,0
DA:19,0
DA:20,0
DA:22,0
DA:23,0
DA:24,0
DA:26,0
DA:27,0
DA:29,0
DA:33,5
DA:55,1
DA:63,5
LF:19
LH:10
BRDA:18,0,0,0
BRDA:18,0,1,0
BRDA:18,1,0,0
BRDA:18,1,1,0
BRDA:53,2,0,0
BRDA:53,2,1,5
BRF:6
BRH:1
end_of_record
TN:
SF:src/screens/NoteDetailScreen.tsx
FN:29,NoteDetailScreen
FN:36,(anonymous_1)
FN:51,(anonymous_2)
FN:58,(anonymous_3)
FN:71,(anonymous_4)
FN:81,(anonymous_5)
FN:84,(anonymous_6)
FN:86,(anonymous_7)
FN:132,(anonymous_8)
FN:144,(anonymous_9)
FN:159,(anonymous_10)
FN:165,(anonymous_11)
FN:177,(anonymous_12)
FN:199,(anonymous_13)
FN:207,(anonymous_14)
FN:208,(anonymous_15)
FN:211,(anonymous_16)
FN:216,(anonymous_17)
FN:232,(anonymous_18)
FN:251,(anonymous_19)
FN:271,(anonymous_20)
FN:283,(anonymous_21)
FN:287,(anonymous_22)
FN:317,(anonymous_23)
FN:325,(anonymous_24)
FN:326,(anonymous_25)
FN:331,(anonymous_26)
FN:342,(anonymous_27)
FN:346,(anonymous_28)
FN:369,makeStyles
FNF:30
FNH:5
FNDA:10,NoteDetailScreen
FNDA:0,(anonymous_1)
FNDA:10,(anonymous_2)
FNDA:0,(anonymous_3)
FNDA:0,(anonymous_4)
FNDA:10,(anonymous_5)
FNDA:0,(anonymous_6)
FNDA:0,(anonymous_7)
FNDA:0,(anonymous_8)
FNDA:0,(anonymous_9)
FNDA:0,(anonymous_10)
FNDA:0,(anonymous_11)
FNDA:0,(anonymous_12)
FNDA:0,(anonymous_13)
FNDA:0,(anonymous_14)
FNDA:0,(anonymous_15)
FNDA:0,(anonymous_16)
FNDA:0,(anonymous_17)
FNDA:0,(anonymous_18)
FNDA:0,(anonymous_19)
FNDA:0,(anonymous_20)
FNDA:2,(anonymous_21)
FNDA:0,(anonymous_22)
FNDA:0,(anonymous_23)
FNDA:0,(anonymous_24)
FNDA:0,(anonymous_25)
FNDA:0,(anonymous_26)
FNDA:0,(anonymous_27)
FNDA:0,(anonymous_28)
FNDA:10,makeStyles
DA:30,10
DA:31,10
DA:32,10
DA:35,10
DA:36,0
DA:39,10
DA:40,10
DA:41,10
DA:42,10
DA:43,10
DA:44,10
DA:45,10
DA:46,10
DA:47,10
DA:48,10
DA:51,10
DA:52,10
DA:54,0
DA:55,0
DA:58,0
DA:59,0
DA:60,0
DA:61,0
DA:62,0
DA:63,0
DA:64,0
DA:65,0
DA:67,0
DA:71,0
DA:72,0
DA:73,0
DA:78,10
DA:79,10
DA:81,10
DA:82,10
DA:85,0
DA:86,0
DA:132,10
DA:133,0
DA:134,0
DA:135,0
DA:137,0
DA:145,0
DA:146,0
DA:147,0
DA:148,0
DA:150,0
DA:159,10
DA:160,0
DA:166,0
DA:167,0
DA:168,0
DA:170,0
DA:177,10
DA:178,0
DA:179,0
DA:180,0
DA:181,0
DA:183,0
DA:184,0
DA:185,0
DA:186,0
DA:188,0
DA:190,0
DA:192,0
DA:193,0
DA:195,0
DA:199,10
DA:200,0
DA:201,0
DA:202,0
DA:204,0
DA:207,10
DA:208,0
DA:211,10
DA:212,0
DA:213,0
DA:216,10
DA:217,0
DA:218,0
DA:219,0
DA:220,0
DA:221,0
DA:222,0
DA:224,0
DA:226,0
DA:228,0
DA:232,10
DA:233,0
DA:234,0
DA:235,0
DA:236,0
DA:237,0
DA:238,0
DA:241,0
DA:242,0
DA:244,0
DA:247,0
DA:251,10
DA:252,10
DA:254,10
DA:272,0
DA:273,0
DA:284,2
DA:287,0
DA:318,0
DA:325,0
DA:326,0
DA:332,0
DA:333,0
DA:343,0
DA:347,0
DA:348,0
DA:370,10
LF:114
LH:33
BRDA:31,0,0,10
BRDA:31,0,1,0
BRDA:35,1,0,10
BRDA:35,1,1,6
BRDA:36,2,0,0
BRDA:36,2,1,6
BRDA:36,3,0,0
BRDA:36,3,1,0
BRDA:39,4,0,10
BRDA:39,4,1,6
BRDA:39,4,2,6
BRDA:40,5,0,10
BRDA:40,5,1,6
BRDA:40,5,2,6
BRDA:41,6,0,10
BRDA:41,6,1,10
BRDA:42,7,0,10
BRDA:42,7,1,6
BRDA:47,8,0,10
BRDA:47,8,1,6
BRDA:47,8,2,6
BRDA:52,9,0,10
BRDA:52,9,1,0
BRDA:52,10,0,10
BRDA:52,10,1,4
BRDA:54,11,0,0
BRDA:54,11,1,0
BRDA:60,12,0,0
BRDA:60,12,1,0
BRDA:72,13,0,0
BRDA:72,13,1,0
BRDA:83,14,0,4
BRDA:83,14,1,6
BRDA:86,15,0,0
BRDA:86,15,1,0
BRDA:88,16,0,0
BRDA:88,16,1,0
BRDA:91,17,0,0
BRDA:91,17,1,0
BRDA:98,18,0,0
BRDA:98,18,1,0
BRDA:105,19,0,0
BRDA:105,19,1,0
BRDA:112,20,0,0
BRDA:112,20,1,0
BRDA:113,21,0,0
BRDA:113,21,1,0
BRDA:122,22,0,0
BRDA:122,22,1,0
BRDA:133,23,0,0
BRDA:133,23,1,0
BRDA:145,24,0,0
BRDA:145,24,1,0
BRDA:179,25,0,0
BRDA:179,25,1,0
BRDA:185,26,0,0
BRDA:185,26,1,0
BRDA:201,27,0,0
BRDA:201,27,1,0
BRDA:201,28,0,0
BRDA:201,28,1,0
BRDA:217,29,0,0
BRDA:217,29,1,0
BRDA:217,30,0,0
BRDA:217,30,1,0
BRDA:221,31,0,0
BRDA:221,31,1,0
BRDA:233,32,0,0
BRDA:233,32,1,0
BRDA:241,33,0,0
BRDA:241,33,1,0
BRDA:257,34,0,10
BRDA:257,34,1,0
BRDA:277,35,0,0
BRDA:277,35,1,10
BRDA:308,36,0,10
BRDA:308,36,1,0
BRDA:336,37,0,10
BRDA:336,37,1,10
BRDA:354,38,0,0
BRDA:354,38,1,0
BRF:81
BRH:27
end_of_record
TN:
SF:src/screens/NotesScreen.tsx
FN:27,NotesScreen
FN:47,(anonymous_1)
FN:53,(anonymous_2)
FN:55,(anonymous_3)
FN:58,(anonymous_4)
FN:61,(anonymous_5)
FN:69,(anonymous_6)
FN:73,(anonymous_7)
FN:79,(anonymous_8)
FN:90,(anonymous_9)
FN:94,(anonymous_10)
FN:98,(anonymous_11)
FN:121,(anonymous_12)
FN:146,(anonymous_13)
FN:157,(anonymous_14)
FN:163,(anonymous_15)
FN:172,(anonymous_16)
FN:181,(anonymous_17)
FN:182,(anonymous_18)
FN:198,(anonymous_19)
FN:205,makeStyles
FNF:21
FNH:5
FNDA:2,NotesScreen
FNDA:2,(anonymous_1)
FNDA:2,(anonymous_2)
FNDA:0,(anonymous_3)
FNDA:2,(anonymous_4)
FNDA:0,(anonymous_5)
FNDA:0,(anonymous_6)
FNDA:0,(anonymous_7)
FNDA:0,(anonymous_8)
FNDA:0,(anonymous_9)
FNDA:0,(anonymous_10)
FNDA:0,(anonymous_11)
FNDA:0,(anonymous_12)
FNDA:0,(anonymous_13)
FNDA:0,(anonymous_14)
FNDA:0,(anonymous_15)
FNDA:0,(anonymous_16)
FNDA:0,(anonymous_17)
FNDA:0,(anonymous_18)
FNDA:0,(anonymous_19)
FNDA:2,makeStyles
DA:28,2
DA:41,2
DA:43,2
DA:44,2
DA:45,2
DA:47,2
DA:48,2
DA:49,2
DA:53,2
DA:54,2
DA:55,2
DA:56,0
DA:58,2
DA:61,2
DA:62,0
DA:63,0
DA:65,0
DA:69,2
DA:70,0
DA:73,2
DA:74,0
DA:80,0
DA:81,0
DA:83,0
DA:90,2
DA:91,0
DA:94,2
DA:95,0
DA:98,2
DA:99,0
DA:100,0
DA:104,0
DA:106,0
DA:107,0
DA:110,0
DA:111,0
DA:112,0
DA:114,0
DA:119,2
DA:121,0
DA:125,2
DA:127,2
DA:146,0
DA:157,0
DA:163,0
DA:181,0
DA:183,0
DA:198,0
DA:206,2
LF:49
LH:22
BRDA:54,0,0,0
BRDA:54,0,1,2
BRDA:62,1,0,0
BRDA:62,1,1,0
BRDA:104,2,0,0
BRDA:104,2,1,0
BRDA:104,3,0,0
BRDA:104,3,1,0
BRDA:119,4,0,0
BRDA:119,4,1,2
BRDA:121,5,0,0
BRDA:121,5,1,0
BRDA:130,6,0,0
BRDA:130,6,1,2
BRDA:149,7,0,0
BRDA:149,7,1,2
BRDA:171,8,0,2
BRDA:171,8,1,0
BRDA:185,9,0,2
BRDA:185,9,1,0
BRDA:185,10,0,2
BRDA:185,10,1,2
BRDA:186,11,0,2
BRDA:186,11,1,0
BRDA:186,12,0,2
BRDA:186,12,1,2
BRF:26
BRH:11
end_of_record
TN:
SF:src/screens/RecycleBinScreen.tsx
FN:16,RecycleBinScreen
FN:25,(anonymous_1)
FN:29,(anonymous_2)
FN:34,(anonymous_3)
FN:46,(anonymous_4)
FN:52,(anonymous_5)
FN:64,(anonymous_6)
FN:75,(anonymous_7)
FN:83,(anonymous_8)
FN:106,(anonymous_9)
FN:115,makeStyles
FNF:11
FNH:9
FNDA:6,RecycleBinScreen
FNDA:6,(anonymous_1)
FNDA:1,(anonymous_2)
FNDA:0,(anonymous_3)
FNDA:1,(anonymous_4)
FNDA:0,(anonymous_5)
FNDA:5,(anonymous_6)
FNDA:1,(anonymous_7)
FNDA:1,(anonymous_8)
FNDA:9,(anonymous_9)
FNDA:6,makeStyles
DA:17,6
DA:23,6
DA:25,6
DA:26,6
DA:29,6
DA:30,1
DA:35,0
DA:36,0
DA:37,0
DA:39,0
DA:46,6
DA:47,1
DA:53,0
DA:54,0
DA:55,0
DA:57,0
DA:64,6
DA:65,5
DA:75,1
DA:83,1
DA:93,6
DA:95,6
DA:106,9
DA:116,6
LF:24
LH:16
BRDA:69,0,0,5
BRDA:69,0,1,0
BRDA:97,1,0,2
BRDA:97,1,1,4
BRF:4
BRH:3
end_of_record
TN:
SF:src/screens/RegisterScreen.tsx
FN:9,RegisterScreen
FN:16,(anonymous_1)
FN:18,(anonymous_2)
FN:71,(anonymous_3)
FN:78,makeStyles
FNF:5
FNH:4
FNDA:5,RegisterScreen
FNDA:5,(anonymous_1)
FNDA:0,(anonymous_2)
FNDA:1,(anonymous_3)
FNDA:5,makeStyles
DA:10,5
DA:11,5
DA:12,5
DA:13,5
DA:14,5
DA:15,5
DA:16,5
DA:18,5
DA:19,0
DA:20,0
DA:21,0
DA:23,0
DA:24,0
DA:25,0
DA:27,0
DA:28,0
DA:29,0
DA:31,0
DA:32,0
DA:33,0
DA:35,0
DA:36,0
DA:38,0
DA:42,5
DA:71,1
DA:79,5
LF:26
LH:11
BRDA:19,0,0,0
BRDA:19,0,1,0
BRDA:19,1,0,0
BRDA:19,1,1,0
BRDA:19,1,2,0
BRDA:23,2,0,0
BRDA:23,2,1,0
BRDA:27,3,0,0
BRDA:27,3,1,0
BRDA:69,4,0,0
BRDA:69,4,1,5
BRF:11
BRH:1
end_of_record
TN:
SF:src/screens/SettingsScreen.tsx
FN:20,SettingsScreen
FN:29,(anonymous_1)
FN:36,(anonymous_2)
FN:42,(anonymous_3)
FN:49,(anonymous_4)
FN:77,(anonymous_5)
FN:85,(anonymous_6)
FN:97,(anonymous_7)
FN:101,(anonymous_8)
FN:116,(anonymous_9)
FN:145,makeStyles
FNF:11
FNH:3
FNDA:3,SettingsScreen
FNDA:0,(anonymous_1)
FNDA:0,(anonymous_2)
FNDA:0,(anonymous_3)
FNDA:0,(anonymous_4)
FNDA:0,(anonymous_5)
FNDA:0,(anonymous_6)
FNDA:9,(anonymous_7)
FNDA:0,(anonymous_8)
FNDA:0,(anonymous_9)
FNDA:3,makeStyles
DA:14,1
DA:21,3
DA:22,3
DA:23,3
DA:24,3
DA:25,3
DA:27,3
DA:29,3
DA:30,0
DA:36,3
DA:37,0
DA:38,0
DA:39,0
DA:42,3
DA:43,0
DA:44,0
DA:45,0
DA:47,0
DA:48,0
DA:49,0
DA:51,0
DA:52,0
DA:55,0
DA:56,0
DA:58,0
DA:61,0
DA:65,3
DA:77,0
DA:85,0
DA:98,9
DA:101,0
DA:117,0
DA:118,0
DA:146,3
LF:34
LH:13
BRDA:37,0,0,0
BRDA:37,0,1,0
BRDA:43,1,0,0
BRDA:43,1,1,0
BRDA:55,2,0,0
BRDA:55,2,1,0
BRDA:69,3,0,3
BRDA:69,3,1,0
BRDA:76,4,0,3
BRDA:76,4,1,3
BRDA:79,5,0,3
BRDA:79,5,1,3
BRDA:84,6,0,3
BRDA:84,6,1,0
BRDA:87,7,0,3
BRDA:87,7,1,0
BRDA:100,8,0,9
BRDA:100,8,1,3
BRDA:103,9,0,9
BRDA:103,9,1,3
BRDA:135,10,0,3
BRDA:135,10,1,3
BRF:22
BRH:13
end_of_record
TN:
SF:src/stores/authStore.ts
FN:15,(anonymous_0)
FN:20,(anonymous_1)
FN:34,(anonymous_2)
FN:48,(anonymous_3)
FN:57,(anonymous_4)
FN:71,(anonymous_5)
FNF:6
FNH:5
FNDA:1,(anonymous_0)
FNDA:2,(anonymous_1)
FNDA:2,(anonymous_2)
FNDA:1,(anonymous_3)
FNDA:3,(anonymous_4)
FNDA:0,(anonymous_5)
DA:15,1
DA:21,2
DA:22,2
DA:23,2
DA:24,1
DA:25,1
DA:27,1
DA:28,0
DA:30,1
DA:35,2
DA:36,2
DA:37,2
DA:38,1
DA:39,1
DA:41,1
DA:42,0
DA:44,1
DA:49,1
DA:50,1
DA:54,1
DA:59,3
DA:62,3
DA:63,3
DA:64,3
DA:67,0
DA:71,3
DA:72,0
LF:27
LH:23
BRDA:23,0,0,1
BRDA:23,0,1,1
BRDA:27,1,0,0
BRDA:27,1,1,1
BRDA:27,2,0,1
BRDA:27,2,1,1
BRDA:37,3,0,1
BRDA:37,3,1,1
BRDA:41,4,0,0
BRDA:41,4,1,1
BRDA:41,5,0,1
BRDA:41,5,1,1
BRF:12
BRH:10
end_of_record
TN:
SF:src/stores/feedbackStore.ts
FN:21,(anonymous_0)
FN:27,(anonymous_1)
FN:53,(anonymous_2)
FN:155,decodeBase64
FNF:4
FNH:3
FNDA:1,(anonymous_0)
FNDA:4,(anonymous_1)
FNDA:4,(anonymous_2)
FNDA:0,decodeBase64
DA:21,1
DA:28,4
DA:29,4
DA:30,4
DA:31,3
DA:32,1
DA:33,1
DA:36,2
DA:42,2
DA:43,1
DA:44,1
DA:47,1
DA:49,1
DA:54,4
DA:55,4
DA:56,4
DA:57,4
DA:60,3
DA:61,3
DA:62,0
DA:65,0
DA:66,0
DA:67,0
DA:69,0
DA:75,0
DA:77,0
DA:81,0
DA:82,0
DA:87,3
DA:88,3
DA:89,0
DA:92,0
DA:93,0
DA:95,0
DA:101,0
DA:103,0
DA:107,0
DA:111,3
DA:123,2
DA:126,2
DA:132,2
DA:146,2
DA:156,0
DA:157,0
DA:158,0
DA:159,0
DA:161,0
LF:47
LH:26
BRDA:31,0,0,1
BRDA:31,0,1,2
BRDA:42,1,0,1
BRDA:42,1,1,1
BRDA:47,2,0,1
BRDA:47,2,1,0
BRDA:49,3,0,1
BRDA:49,3,1,0
BRDA:57,4,0,1
BRDA:57,4,1,3
BRDA:65,5,0,0
BRDA:65,5,1,0
BRDA:72,6,0,0
BRDA:72,6,1,0
BRDA:75,7,0,0
BRDA:75,7,1,0
BRDA:81,8,0,0
BRDA:81,8,1,0
BRDA:88,9,0,0
BRDA:88,9,1,3
BRDA:101,10,0,0
BRDA:101,10,1,0
BRDA:107,11,0,0
BRDA:107,11,1,0
BRDA:123,12,0,0
BRDA:123,12,1,2
BRF:26
BRH:10
end_of_record
TN:
SF:src/stores/notesStore.ts
FN:57,(anonymous_0)
FN:69,(anonymous_1)
FN:76,(anonymous_2)
FN:78,(anonymous_3)
FN:86,(anonymous_4)
FN:95,(anonymous_5)
FN:121,(anonymous_6)
FN:121,(anonymous_7)
FN:134,(anonymous_8)
FN:158,(anonymous_9)
FN:164,(anonymous_10)
FN:177,(anonymous_11)
FN:179,(anonymous_12)
FN:184,(anonymous_13)
FN:199,(anonymous_14)
FN:205,(anonymous_15)
FN:207,(anonymous_16)
FN:212,(anonymous_17)
FN:222,(anonymous_18)
FN:229,(anonymous_19)
FN:236,(anonymous_20)
FN:241,(anonymous_21)
FN:244,(anonymous_22)
FN:250,(anonymous_23)
FN:261,(anonymous_24)
FN:269,(anonymous_25)
FN:282,(anonymous_26)
FN:282,(anonymous_27)
FN:286,(anonymous_28)
FN:296,(anonymous_29)
FN:304,(anonymous_30)
FN:310,(anonymous_31)
FN:311,(anonymous_32)
FN:318,(anonymous_33)
FN:325,(anonymous_34)
FN:333,(anonymous_35)
FN:334,(anonymous_36)
FN:335,(anonymous_37)
FN:339,(anonymous_38)
FN:358,stripMarkdown
FNF:40
FNH:21
FNDA:4,(anonymous_0)
FNDA:8,(anonymous_1)
FNDA:3,(anonymous_2)
FNDA:6,(anonymous_3)
FNDA:14,(anonymous_4)
FNDA:3,(anonymous_5)
FNDA:0,(anonymous_6)
FNDA:0,(anonymous_7)
FNDA:2,(anonymous_8)
FNDA:0,(anonymous_9)
FNDA:3,(anonymous_10)
FNDA:1,(anonymous_11)
FNDA:0,(anonymous_12)
FNDA:4,(anonymous_13)
FNDA:3,(anonymous_14)
FNDA:0,(anonymous_15)
FNDA:4,(anonymous_16)
FNDA:0,(anonymous_17)
FNDA:0,(anonymous_18)
FNDA:0,(anonymous_19)
FNDA:0,(anonymous_20)
FNDA:0,(anonymous_21)
FNDA:0,(anonymous_22)
FNDA:0,(anonymous_23)
FNDA:0,(anonymous_24)
FNDA:2,(anonymous_25)
FNDA:1,(anonymous_26)
FNDA:0,(anonymous_27)
FNDA:2,(anonymous_28)
FNDA:3,(anonymous_29)
FNDA:0,(anonymous_30)
FNDA:4,(anonymous_31)
FNDA:0,(anonymous_32)
FNDA:0,(anonymous_33)
FNDA:0,(anonymous_34)
FNDA:1,(anonymous_35)
FNDA:3,(anonymous_36)
FNDA:1,(anonymous_37)
FNDA:0,(anonymous_38)
FNDA:11,stripMarkdown
DA:57,4
DA:70,8
DA:71,8
DA:74,8
DA:75,3
DA:76,3
DA:78,6
DA:83,8
DA:84,5
DA:85,5
DA:87,14
DA:92,8
DA:96,3
DA:97,3
DA:98,3
DA:104,3
DA:106,1
DA:107,1
DA:108,0
DA:110,1
DA:112,1
DA:115,2
DA:116,2
DA:119,2
DA:120,0
DA:121,0
DA:125,2
DA:126,2
DA:127,0
DA:129,2
DA:135,2
DA:136,2
DA:141,2
DA:142,1
DA:143,1
DA:146,1
DA:158,1
DA:159,1
DA:160,1
DA:165,3
DA:166,3
DA:167,3
DA:169,3
DA:170,3
DA:174,3
DA:177,1
DA:178,1
DA:179,1
DA:183,3
DA:185,4
DA:200,3
DA:201,3
DA:202,3
DA:205,1
DA:207,4
DA:213,0
DA:214,0
DA:215,0
DA:216,0
DA:218,0
DA:223,0
DA:224,0
DA:225,0
DA:227,0
DA:228,0
DA:229,0
DA:237,0
DA:238,0
DA:239,0
DA:241,0
DA:243,0
DA:244,0
DA:251,0
DA:252,0
DA:256,0
DA:260,0
DA:262,0
DA:270,2
DA:275,2
DA:276,1
DA:277,1
DA:280,1
DA:281,1
DA:282,1
DA:287,2
DA:292,2
DA:293,1
DA:297,3
DA:301,3
DA:304,3
DA:305,3
DA:306,0
DA:309,3
DA:310,4
DA:312,0
DA:319,0
DA:323,0
DA:324,0
DA:326,0
DA:333,1
DA:334,3
DA:335,1
DA:340,0
DA:341,0
DA:343,0
DA:344,0
DA:345,0
DA:347,0
DA:348,0
DA:349,0
DA:351,0
DA:359,11
LF:112
LH:71
BRDA:74,0,0,3
BRDA:74,0,1,5
BRDA:75,1,0,1
BRDA:75,1,1,2
BRDA:83,2,0,5
BRDA:83,2,1,3
BRDA:87,3,0,14
BRDA:87,3,1,11
BRDA:104,4,0,1
BRDA:104,4,1,2
BRDA:107,5,0,0
BRDA:107,5,1,1
BRDA:120,6,0,0
BRDA:120,6,1,0
BRDA:126,7,0,0
BRDA:126,7,1,2
BRDA:129,8,0,2
BRDA:129,8,1,0
BRDA:134,9,0,2
BRDA:134,10,0,2
BRDA:141,11,0,1
BRDA:141,11,1,1
BRDA:152,12,0,1
BRDA:152,12,1,0
BRDA:166,13,0,0
BRDA:166,13,1,3
BRDA:167,14,0,0
BRDA:167,14,1,3
BRDA:174,15,0,1
BRDA:174,15,1,2
BRDA:178,16,0,1
BRDA:178,16,1,0
BRDA:185,17,0,3
BRDA:185,17,1,1
BRDA:190,18,0,0
BRDA:190,18,1,3
BRDA:191,19,0,0
BRDA:191,19,1,3
BRDA:202,20,0,1
BRDA:202,20,1,2
BRDA:215,21,0,0
BRDA:215,21,1,0
BRDA:216,22,0,0
BRDA:216,22,1,0
BRDA:225,23,0,0
BRDA:225,23,1,0
BRDA:239,24,0,0
BRDA:239,24,1,0
BRDA:256,25,0,0
BRDA:256,25,1,0
BRDA:262,26,0,0
BRDA:262,26,1,0
BRDA:275,27,0,1
BRDA:275,27,1,1
BRDA:276,28,0,1
BRDA:276,28,1,0
BRDA:281,29,0,1
BRDA:281,29,1,0
BRDA:286,30,0,2
BRDA:292,31,0,1
BRDA:292,31,1,1
BRDA:301,32,0,0
BRDA:301,32,1,3
BRDA:312,33,0,0
BRDA:312,33,1,0
BRDA:314,34,0,1
BRDA:314,34,1,2
BRDA:323,35,0,0
BRDA:323,35,1,0
BRDA:326,36,0,0
BRDA:326,36,1,0
BRDA:341,37,0,0
BRDA:341,37,1,0
BRF:73
BRH:39
end_of_record
TN:
SF:src/stores/templateStore.ts
FN:15,(anonymous_0)
FN:20,(anonymous_1)
FN:36,(anonymous_2)
FN:59,(anonymous_3)
FN:60,(anonymous_4)
FN:71,(anonymous_5)
FN:78,processTemplateContent
FNF:7
FNH:7
FNDA:2,(anonymous_0)
FNDA:3,(anonymous_1)
FNDA:3,(anonymous_2)
FNDA:4,(anonymous_3)
FNDA:4,(anonymous_4)
FNDA:3,(anonymous_5)
FNDA:3,processTemplateContent
DA:15,2
DA:21,3
DA:22,3
DA:23,3
DA:29,2
DA:30,1
DA:32,2
DA:37,3
DA:38,3
DA:40,2
DA:52,2
DA:54,1
DA:55,1
DA:56,1
DA:60,4
DA:61,4
DA:62,1
DA:65,3
DA:70,2
DA:71,3
DA:79,3
DA:80,3
DA:85,3
LF:23
LH:23
BRDA:29,0,0,1
BRDA:29,0,1,1
BRDA:30,1,0,1
BRDA:30,1,1,0
BRDA:32,2,0,2
BRDA:32,2,1,0
BRDA:38,3,0,1
BRDA:38,3,1,2
BRDA:52,4,0,1
BRDA:52,4,1,1
BRDA:61,5,0,1
BRDA:61,5,1,3
BRDA:70,6,0,0
BRDA:70,6,1,2
BRF:14
BRH:11
end_of_record
