TN:
SF:src/components/EmptyState.tsx
FN:6,EmptyState
FNF:1
FNH:1
FNDA:4,EmptyState
DA:7,4
DA:16,2
LF:2
LH:2
BRF:0
BRH:0
end_of_record
TN:
SF:src/components/NoteItem.tsx
FN:12,NoteItem
FN:15,(anonymous_1)
FN:16,(anonymous_2)
FNF:3
FNH:2
FNDA:3,NoteItem
FNDA:1,(anonymous_1)
FNDA:0,(anonymous_2)
DA:13,3
DA:15,1
DA:16,0
DA:26,2
LF:4
LH:3
BRF:0
BRH:0
end_of_record
TN:
SF:src/i18n/index.ts
FN:40,resolveLanguageTag
FN:49,loadPersistedLanguage
FN:69,t
FN:74,getLanguage
FN:82,setLanguage
FNF:5
FNH:4
FNDA:12,resolveLanguageTag
FNDA:6,loadPersistedLanguage
FNDA:87,t
FNDA:3,getLanguage
FNDA:0,setLanguage
DA:32,6
DA:35,6
DA:41,12
DA:42,12
DA:45,6
DA:46,6
DA:50,6
DA:51,6
DA:52,0
DA:53,0
DA:54,0
DA:59,6
DA:63,6
DA:64,6
DA:70,87
DA:75,3
DA:83,0
DA:84,0
DA:85,0
LF:19
LH:13
BRDA:41,0,0,12
BRDA:41,0,1,12
BRDA:42,1,0,0
BRDA:42,1,1,12
BRDA:52,2,0,0
BRDA:52,2,1,0
BRDA:52,3,0,0
BRDA:52,3,1,0
BRF:8
BRH:3
end_of_record
TN:
SF:src/lib/supabase-helpers.ts
FN:4,mapSupabaseError
FN:31,getUserMessage
FNF:2
FNH:2
FNDA:18,mapSupabaseError
FNDA:9,getUserMessage
DA:5,18
DA:6,18
DA:8,18
DA:9,15
DA:10,13
DA:11,11
DA:12,9
DA:13,8
DA:14,6
DA:15,5
DA:16,3
DA:19,1
DA:32,9
DA:33,9
LF:14
LH:14
BRDA:5,0,0,18
BRDA:5,0,1,5
BRDA:6,1,0,18
BRDA:6,1,1,16
BRDA:6,1,2,15
BRDA:8,2,0,3
BRDA:8,2,1,15
BRDA:8,3,0,18
BRDA:8,3,1,16
BRDA:9,4,0,2
BRDA:9,4,1,13
BRDA:9,5,0,15
BRDA:9,5,1,14
BRDA:10,6,0,2
BRDA:10,6,1,11
BRDA:10,7,0,13
BRDA:10,7,1,12
BRDA:11,8,0,2
BRDA:11,8,1,9
BRDA:11,9,0,11
BRDA:11,9,1,10
BRDA:12,10,0,1
BRDA:12,10,1,8
BRDA:12,11,0,9
BRDA:12,11,1,3
BRDA:13,12,0,2
BRDA:13,12,1,6
BRDA:13,13,0,8
BRDA:13,13,1,2
BRDA:13,13,2,1
BRDA:14,14,0,1
BRDA:14,14,1,5
BRDA:14,15,0,6
BRDA:14,15,1,1
BRDA:15,16,0,2
BRDA:15,16,1,3
BRDA:15,17,0,5
BRDA:15,17,1,4
BRDA:32,18,0,9
BRDA:32,18,1,0
BRF:40
BRH:39
end_of_record
TN:
SF:src/lib/supabase.ts
FNF:0
FNH:0
DA:4,0
DA:5,0
DA:7,0
DA:8,0
DA:13,0
LF:5
LH:0
BRDA:7,0,0,0
BRDA:7,0,1,0
BRDA:7,1,0,0
BRDA:7,1,1,0
BRF:4
BRH:0
end_of_record
TN:
SF:src/lib/theme.ts
FNF:0
FNH:0
DA:1,7
DA:12,7
DA:21,7
DA:30,7
LF:4
LH:4
BRF:0
BRH:0
end_of_record
TN:
SF:src/screens/LoginScreen.tsx
FN:8,LoginScreen
FN:12,(anonymous_1)
FN:14,(anonymous_2)
FN:52,(anonymous_3)
FNF:4
FNH:3
FNDA:5,LoginScreen
FNDA:5,(anonymous_1)
FNDA:0,(anonymous_2)
FNDA:1,(anonymous_3)
DA:9,5
DA:10,5
DA:11,5
DA:12,5
DA:14,5
DA:15,0
DA:16,0
DA:17,0
DA:19,0
DA:20,0
DA:21,0
DA:23,0
DA:24,0
DA:26,0
DA:30,5
DA:52,1
DA:59,1
LF:17
LH:8
BRDA:15,0,0,0
BRDA:15,0,1,0
BRDA:15,1,0,0
BRDA:15,1,1,0
BRDA:50,2,0,0
BRDA:50,2,1,5
BRF:6
BRH:1
end_of_record
TN:
SF:src/screens/NoteDetailScreen.tsx
FN:8,NoteDetailScreen
FN:17,(anonymous_1)
FN:20,(anonymous_2)
FN:37,(anonymous_3)
FN:41,(anonymous_4)
FN:53,(anonymous_5)
FNF:6
FNH:2
FNDA:3,NoteDetailScreen
FNDA:3,(anonymous_1)
FNDA:0,(anonymous_2)
FNDA:0,(anonymous_3)
FNDA:0,(anonymous_4)
FNDA:0,(anonymous_5)
DA:9,3
DA:10,3
DA:12,3
DA:13,3
DA:14,3
DA:15,3
DA:17,3
DA:18,3
DA:21,0
DA:37,3
DA:38,0
DA:42,0
DA:43,0
DA:44,0
DA:46,0
DA:53,3
DA:54,0
DA:55,0
DA:56,0
DA:57,0
DA:59,0
DA:60,0
DA:61,0
DA:62,0
DA:64,0
DA:66,0
DA:68,0
DA:69,0
DA:71,0
DA:75,3
DA:99,1
LF:31
LH:12
BRDA:9,0,0,3
BRDA:9,0,1,0
BRDA:12,1,0,3
BRDA:12,1,1,3
BRDA:13,2,0,3
BRDA:13,2,1,3
BRDA:19,3,0,0
BRDA:19,3,1,3
BRDA:23,4,0,0
BRDA:23,4,1,0
BRDA:24,5,0,0
BRDA:24,5,1,0
BRDA:27,6,0,0
BRDA:27,6,1,0
BRDA:55,7,0,0
BRDA:55,7,1,0
BRDA:61,8,0,0
BRDA:61,8,1,0
BRDA:78,9,0,3
BRDA:78,9,1,0
BRF:20
BRH:7
end_of_record
TN:
SF:src/screens/NotesScreen.tsx
FN:10,NotesScreen
FN:13,(anonymous_1)
FN:17,(anonymous_2)
FN:21,(anonymous_3)
FN:25,(anonymous_4)
FN:29,(anonymous_5)
FN:37,(anonymous_6)
FN:53,(anonymous_7)
FN:54,(anonymous_8)
FNF:9
FNH:2
FNDA:2,NotesScreen
FNDA:2,(anonymous_1)
FNDA:0,(anonymous_2)
FNDA:0,(anonymous_3)
FNDA:0,(anonymous_4)
FNDA:0,(anonymous_5)
FNDA:0,(anonymous_6)
FNDA:0,(anonymous_7)
FNDA:0,(anonymous_8)
DA:11,2
DA:13,2
DA:14,2
DA:17,2
DA:18,0
DA:21,2
DA:22,0
DA:25,2
DA:26,0
DA:30,0
DA:31,0
DA:37,2
DA:38,0
DA:41,2
DA:53,0
DA:55,0
DA:68,1
LF:17
LH:9
BRDA:43,0,0,0
BRDA:43,0,1,2
BRDA:57,1,0,2
BRDA:57,1,1,0
BRDA:57,2,0,2
BRDA:57,2,1,2
BRDA:58,3,0,2
BRDA:58,3,1,0
BRDA:58,4,0,2
BRDA:58,4,1,2
BRF:10
BRH:7
end_of_record
TN:
SF:src/screens/RegisterScreen.tsx
FN:8,RegisterScreen
FN:13,(anonymous_1)
FN:15,(anonymous_2)
FN:68,(anonymous_3)
FNF:4
FNH:3
FNDA:5,RegisterScreen
FNDA:5,(anonymous_1)
FNDA:0,(anonymous_2)
FNDA:1,(anonymous_3)
DA:9,5
DA:10,5
DA:11,5
DA:12,5
DA:13,5
DA:15,5
DA:16,0
DA:17,0
DA:18,0
DA:20,0
DA:21,0
DA:22,0
DA:24,0
DA:25,0
DA:26,0
DA:28,0
DA:29,0
DA:30,0
DA:32,0
DA:33,0
DA:35,0
DA:39,5
DA:68,1
DA:75,1
LF:24
LH:9
BRDA:16,0,0,0
BRDA:16,0,1,0
BRDA:16,1,0,0
BRDA:16,1,1,0
BRDA:16,1,2,0
BRDA:20,2,0,0
BRDA:20,2,1,0
BRDA:24,3,0,0
BRDA:24,3,1,0
BRDA:66,4,0,0
BRDA:66,4,1,5
BRF:11
BRH:1
end_of_record
TN:
SF:src/screens/SettingsScreen.tsx
FN:7,SettingsScreen
FN:11,(anonymous_1)
FN:18,(anonymous_2)
FN:36,(anonymous_3)
FN:44,(anonymous_4)
FNF:5
FNH:1
FNDA:3,SettingsScreen
FNDA:0,(anonymous_1)
FNDA:0,(anonymous_2)
FNDA:0,(anonymous_3)
FNDA:0,(anonymous_4)
DA:8,3
DA:9,3
DA:11,3
DA:12,0
DA:18,3
DA:19,0
DA:20,0
DA:21,0
DA:24,3
DA:36,0
DA:44,0
DA:60,1
LF:12
LH:6
BRDA:19,0,0,0
BRDA:19,0,1,0
BRDA:28,1,0,3
BRDA:28,1,1,0
BRDA:35,2,0,3
BRDA:35,2,1,3
BRDA:38,3,0,3
BRDA:38,3,1,3
BRDA:43,4,0,3
BRDA:43,4,1,0
BRDA:46,5,0,3
BRDA:46,5,1,0
BRF:12
BRH:7
end_of_record
TN:
SF:src/stores/authStore.ts
FN:14,(anonymous_0)
FN:18,(anonymous_1)
FN:25,(anonymous_2)
FN:32,(anonymous_3)
FN:37,(anonymous_4)
FN:41,(anonymous_5)
FNF:6
FNH:5
FNDA:1,(anonymous_0)
FNDA:2,(anonymous_1)
FNDA:2,(anonymous_2)
FNDA:1,(anonymous_3)
FNDA:3,(anonymous_4)
FNDA:0,(anonymous_5)
DA:14,1
DA:19,2
DA:20,2
DA:21,1
DA:22,1
DA:26,2
DA:27,2
DA:28,1
DA:29,1
DA:33,1
DA:34,1
DA:38,3
DA:39,3
DA:41,3
DA:42,0
LF:15
LH:14
BRDA:20,0,0,1
BRDA:20,0,1,1
BRDA:27,1,0,1
BRDA:27,1,1,1
BRF:4
BRH:4
end_of_record
TN:
SF:src/stores/notesStore.ts
FN:15,(anonymous_0)
FN:20,(anonymous_1)
FN:34,(anonymous_2)
FN:44,(anonymous_3)
FN:51,(anonymous_4)
FN:57,(anonymous_5)
FN:60,(anonymous_6)
FNF:7
FNH:7
FNDA:1,(anonymous_0)
FNDA:3,(anonymous_1)
FNDA:2,(anonymous_2)
FNDA:3,(anonymous_3)
FNDA:3,(anonymous_4)
FNDA:3,(anonymous_5)
FNDA:3,(anonymous_6)
DA:15,1
DA:21,3
DA:22,3
DA:27,3
DA:28,1
DA:29,1
DA:31,2
DA:35,2
DA:40,2
DA:41,1
DA:45,3
DA:49,3
DA:50,2
DA:52,3
DA:58,3
DA:59,3
DA:60,3
LF:17
LH:17
BRDA:27,0,0,1
BRDA:27,0,1,2
BRDA:40,1,0,1
BRDA:40,1,1,1
BRDA:49,2,0,1
BRDA:49,2,1,2
BRDA:52,3,0,2
BRDA:52,3,1,1
BRDA:59,4,0,1
BRDA:59,4,1,2
BRF:10
BRH:10
end_of_record
